~~~~~~~~~~~~~~~~~~~~~~~~~~~~~~~~~~~~~~~~~~~~~~~~~~~~~~~~~~~~~~~~~~~~~~~~~~~~~~~
Tree - random unordered tree
~~~~~~~~~~~~~~~~~~~~~~~~~~~~~~~~~~~~~~~~~~~~~~~~~~~~~~~~~~~~~~~~~~~~~~~~~~~~~~~
height: 3
ordered iteratively: false
ordered recursively: false
sumDistances: 19
            __ 1 __              
         __/       \__           
       2               3         
     /   \           /   \       
   4       8       6       7     
  / \                     /      
 5   10                  9       

printLeftRight: 5 4 10 2 8 1 6 3 9 7 
path: 1 2 4 5 
path: 1 2 4 10 
path: 1 2 8 
path: 1 3 6 
path: 1 3 7 9 

preorder: 1 2 4 5 10 8 3 6 7 9 
inorder: 5 4 10 2 8 1 6 3 9 7 

~~~~~~~~~~~~~~~~~~~~~~~~~~~~~~~~~~~~~~~~~~~~~~~~~~~~~~~~~~~~~~~~~~~~~~~~~~~~~~~
Mirrored - the mirror image of the above tree
~~~~~~~~~~~~~~~~~~~~~~~~~~~~~~~~~~~~~~~~~~~~~~~~~~~~~~~~~~~~~~~~~~~~~~~~~~~~~~~
height: 3
ordered iteratively: false
ordered recursively: false
sumDistances: 19
            __ 1 __              
         __/       \__           
       3               2         
     /   \           /   \       
   7       6       8       4     
    \                     / \    
     9                   10  5   

printLeftRight: 7 9 3 6 1 8 2 10 4 5 
path: 1 3 7 9 
path: 1 3 6 
path: 1 2 8 
path: 1 2 4 10 
path: 1 2 4 5 

preorder: 1 3 7 9 6 2 8 4 10 5 
inorder: 7 9 3 6 1 8 2 10 4 5 

~~~~~~~~~~~~~~~~~~~~~~~~~~~~~~~~~~~~~~~~~~~~~~~~~~~~~~~~~~~~~~~~~~~~~~~~~~~~~~~
BST - random ordered tree
~~~~~~~~~~~~~~~~~~~~~~~~~~~~~~~~~~~~~~~~~~~~~~~~~~~~~~~~~~~~~~~~~~~~~~~~~~~~~~~
height: 4
ordered iteratively: true
ordered recursively: true
sumDistances: 21
                        ______ 6 ______                          
                 ______/               \______                   
            __ 4 __                            7 __              
         __/       \__                             \__           
       2               5                               10        
     /   \                                           /           
   1       3                                       8             
                                                    \            
                                                     9           

printLeftRight: 1 2 3 4 5 6 7 8 9 10 
path: 6 4 2 1 
path: 6 4 2 3 
path: 6 4 5 
path: 6 7 10 8 9 

preorder: 6 4 2 1 3 5 7 10 8 9 
inorder: 1 2 3 4 5 6 7 8 9 10 

~~~~~~~~~~~~~~~~~~~~~~~~~~~~~~~~~~~~~~~~~~~~~~~~~~~~~~~~~~~~~~~~~~~~~~~~~~~~~~~
BST Mirrored - the mirror image of the above BST
~~~~~~~~~~~~~~~~~~~~~~~~~~~~~~~~~~~~~~~~~~~~~~~~~~~~~~~~~~~~~~~~~~~~~~~~~~~~~~~
height: 4
ordered iteratively: false
ordered recursively: false
sumDistances: 21
                        ______ 6 ______                          
                 ______/               \______                   
            __ 7                            __ 4 __              
         __/                             __/       \__           
       10                              5               2         
         \                                           /   \       
           8                                       3       1     
          /                                                      
         9                                                       

printLeftRight: 10 9 8 7 6 5 4 3 2 1 
path: 6 7 10 8 9 
path: 6 4 5 
path: 6 4 2 3 
path: 6 4 2 1 

preorder: 6 7 10 8 9 4 5 2 3 1 
inorder: 10 9 8 7 6 5 4 3 2 1 

~~~~~~~~~~~~~~~~~~~~~~~~~~~~~~~~~~~~~~~~~~~~~~~~~~~~~~~~~~~~~~~~~~~~~~~~~~~~~~~
Almost BST - a tree that has one element out of place
~~~~~~~~~~~~~~~~~~~~~~~~~~~~~~~~~~~~~~~~~~~~~~~~~~~~~~~~~~~~~~~~~~~~~~~~~~~~~~~
height: 3
ordered iteratively: false
ordered recursively: false
sumDistances: 7
            __ 10 _              
         __/       \__           
       9               7         
     /                           
   8                             
  /                              
 3                               

printLeftRight: 3 8 9 10 7 
path: 10 9 8 3 
path: 10 7 

preorder: 10 9 8 3 7 
inorder: 3 8 9 10 7 

